<?xml version="1.0" encoding="UTF-8"?>
<testsuite xmlns:xsi="http://www.w3.org/2001/XMLSchema-instance" xsi:noNamespaceSchemaLocation="https://maven.apache.org/surefire/maven-surefire-plugin/xsd/surefire-test-report.xsd" version="3.0.2" name="com.w2w.share.W2WStorageHealthIndicatorTest" time="0.01" tests="1" errors="0" skipped="0" failures="0" flakes="0">
  <properties>
[...]
</properties>
  <testcase name="testStorageHealthReturnsUp" classname="com.w2w.share.W2WStorageHealthIndicatorTest" time="0.008">
    <system-out><![CDATA[14:54:27.029 [main] INFO com.w2w.share.service.StorageService -- Initialized ephemeral encrypted storage directory at: D:\W2WShare\target\test-w2w-health
]]></system-out>
  </testcase>
</testsuite>